<?xml version="1.0" encoding="UTF-8"?>
<coverage generated="1571504330963" clover="3.2.0">
  <project timestamp="1571504330963" name="All files">
    <metrics statements="48" coveredstatements="48" conditionals="28" coveredconditionals="28" methods="12" coveredmethods="12" elements="88" coveredelements="88" complexity="0" loc="48" ncloc="48" packages="1" files="2" classes="2"/>
    <file name="doublyLinkedList.js" path="/Users/andreaedoardodesanto/Workspace/Personal/coolest-doubly-linked-list/src/lib/doublyLinkedList.js">
      <metrics statements="44" coveredstatements="44" conditionals="28" coveredconditionals="28" methods="11" coveredmethods="11"/>
      <line num="1" count="1" type="stmt"/>
      <line num="5" count="9" type="stmt"/>
      <line num="6" count="9" type="stmt"/>
      <line num="14" count="10" type="stmt"/>
      <line num="16" count="10" type="cond" truecount="2" falsecount="0"/>
      <line num="17" count="5" type="stmt"/>
      <line num="19" count="10" type="cond" truecount="2" falsecount="0"/>
      <line num="20" count="5" type="stmt"/>
      <line num="21" count="5" type="stmt"/>
      <line num="23" count="10" type="stmt"/>
      <line num="31" count="14" type="stmt"/>
      <line num="33" count="14" type="cond" truecount="2" falsecount="0"/>
      <line num="34" count="1" type="stmt"/>
      <line num="36" count="14" type="cond" truecount="2" falsecount="0"/>
      <line num="37" count="13" type="stmt"/>
      <line num="38" count="13" type="stmt"/>
      <line num="40" count="14" type="stmt"/>
      <line num="48" count="2" type="cond" truecount="2" falsecount="0"/>
      <line num="56" count="2" type="cond" truecount="2" falsecount="0"/>
      <line num="64" count="5" type="cond" truecount="2" falsecount="0"/>
      <line num="72" count="5" type="cond" truecount="2" falsecount="0"/>
      <line num="81" count="4" type="cond" truecount="2" falsecount="0"/>
      <line num="90" count="12" type="stmt"/>
      <line num="91" count="12" type="stmt"/>
      <line num="92" count="19" type="cond" truecount="2" falsecount="0"/>
      <line num="93" count="11" type="cond" truecount="4" falsecount="0"/>
      <line num="94" count="2" type="stmt"/>
      <line num="95" count="2" type="stmt"/>
      <line num="96" count="9" type="cond" truecount="2" falsecount="0"/>
      <line num="97" count="5" type="stmt"/>
      <line num="98" count="5" type="stmt"/>
      <line num="99" count="4" type="cond" truecount="2" falsecount="0"/>
      <line num="100" count="3" type="stmt"/>
      <line num="101" count="3" type="stmt"/>
      <line num="103" count="1" type="stmt"/>
      <line num="104" count="1" type="stmt"/>
      <line num="106" count="11" type="stmt"/>
      <line num="108" count="8" type="stmt"/>
      <line num="113" count="1" type="stmt"/>
      <line num="117" count="7" type="stmt"/>
      <line num="118" count="7" type="stmt"/>
      <line num="119" count="14" type="stmt"/>
      <line num="120" count="14" type="stmt"/>
      <line num="127" count="1" type="stmt"/>
    </file>
    <file name="listNode.js" path="/Users/andreaedoardodesanto/Workspace/Personal/coolest-doubly-linked-list/src/lib/listNode.js">
      <metrics statements="4" coveredstatements="4" conditionals="0" coveredconditionals="0" methods="1" coveredmethods="1"/>
      <line num="3" count="24" type="stmt"/>
      <line num="4" count="24" type="stmt"/>
      <line num="5" count="24" type="stmt"/>
      <line num="9" count="1" type="stmt"/>
    </file>
  </project>
</coverage>
