{"/Users/andreaedoardodesanto/Workspace/Personal/coolest-doubly-linked-list/src/lib/doublyLinkedList.js": {"path":"/Users/andreaedoardodesanto/Workspace/Personal/coolest-doubly-linked-list/src/lib/doublyLinkedList.js","statementMap":{"0":{"start":{"line":1,"column":13},"end":{"line":1,"column":37}},"1":{"start":{"line":5,"column":8},"end":{"line":5,"column":25}},"2":{"start":{"line":6,"column":8},"end":{"line":6,"column":25}},"3":{"start":{"line":10,"column":19},"end":{"line":10,"column":33}},"4":{"start":{"line":12,"column":8},"end":{"line":14,"column":9}},"5":{"start":{"line":13,"column":12},"end":{"line":13,"column":29}},"6":{"start":{"line":15,"column":8},"end":{"line":18,"column":9}},"7":{"start":{"line":16,"column":12},"end":{"line":16,"column":34}},"8":{"start":{"line":17,"column":12},"end":{"line":17,"column":34}},"9":{"start":{"line":19,"column":8},"end":{"line":19,"column":25}},"10":{"start":{"line":23,"column":19},"end":{"line":23,"column":33}},"11":{"start":{"line":25,"column":8},"end":{"line":27,"column":9}},"12":{"start":{"line":26,"column":12},"end":{"line":26,"column":29}},"13":{"start":{"line":28,"column":8},"end":{"line":31,"column":9}},"14":{"start":{"line":29,"column":12},"end":{"line":29,"column":34}},"15":{"start":{"line":30,"column":12},"end":{"line":30,"column":34}},"16":{"start":{"line":32,"column":8},"end":{"line":32,"column":25}},"17":{"start":{"line":36,"column":8},"end":{"line":36,"column":46}},"18":{"start":{"line":36,"column":23},"end":{"line":36,"column":46}},"19":{"start":{"line":40,"column":8},"end":{"line":40,"column":45}},"20":{"start":{"line":40,"column":23},"end":{"line":40,"column":45}},"21":{"start":{"line":44,"column":8},"end":{"line":44,"column":58}},"22":{"start":{"line":44,"column":23},"end":{"line":44,"column":58}},"23":{"start":{"line":48,"column":8},"end":{"line":48,"column":58}},"24":{"start":{"line":48,"column":23},"end":{"line":48,"column":58}},"25":{"start":{"line":52,"column":8},"end":{"line":52,"column":48}},"26":{"start":{"line":56,"column":22},"end":{"line":56,"column":31}},"27":{"start":{"line":57,"column":8},"end":{"line":75,"column":9}},"28":{"start":{"line":58,"column":12},"end":{"line":73,"column":13}},"29":{"start":{"line":59,"column":16},"end":{"line":71,"column":17}},"30":{"start":{"line":60,"column":20},"end":{"line":60,"column":37}},"31":{"start":{"line":61,"column":20},"end":{"line":61,"column":37}},"32":{"start":{"line":62,"column":23},"end":{"line":71,"column":17}},"33":{"start":{"line":63,"column":20},"end":{"line":63,"column":46}},"34":{"start":{"line":64,"column":20},"end":{"line":64,"column":41}},"35":{"start":{"line":65,"column":23},"end":{"line":71,"column":17}},"36":{"start":{"line":66,"column":20},"end":{"line":66,"column":47}},"37":{"start":{"line":67,"column":20},"end":{"line":67,"column":42}},"38":{"start":{"line":69,"column":20},"end":{"line":69,"column":53}},"39":{"start":{"line":70,"column":20},"end":{"line":70,"column":53}},"40":{"start":{"line":72,"column":16},"end":{"line":72,"column":36}},"41":{"start":{"line":74,"column":12},"end":{"line":74,"column":34}},"42":{"start":{"line":79,"column":8},"end":{"line":79,"column":41}},"43":{"start":{"line":83,"column":22},"end":{"line":83,"column":31}},"44":{"start":{"line":84,"column":8},"end":{"line":87,"column":9}},"45":{"start":{"line":85,"column":12},"end":{"line":85,"column":31}},"46":{"start":{"line":86,"column":12},"end":{"line":86,"column":35}},"47":{"start":{"line":93,"column":0},"end":{"line":93,"column":33}}},"fnMap":{"0":{"name":"(anonymous_0)","decl":{"start":{"line":4,"column":4},"end":{"line":4,"column":5}},"loc":{"start":{"line":4,"column":18},"end":{"line":7,"column":5}},"line":4},"1":{"name":"(anonymous_1)","decl":{"start":{"line":9,"column":4},"end":{"line":9,"column":5}},"loc":{"start":{"line":9,"column":19},"end":{"line":20,"column":5}},"line":9},"2":{"name":"(anonymous_2)","decl":{"start":{"line":22,"column":4},"end":{"line":22,"column":5}},"loc":{"start":{"line":22,"column":18},"end":{"line":33,"column":5}},"line":22},"3":{"name":"(anonymous_3)","decl":{"start":{"line":35,"column":4},"end":{"line":35,"column":5}},"loc":{"start":{"line":35,"column":15},"end":{"line":37,"column":5}},"line":35},"4":{"name":"(anonymous_4)","decl":{"start":{"line":39,"column":4},"end":{"line":39,"column":5}},"loc":{"start":{"line":39,"column":14},"end":{"line":41,"column":5}},"line":39},"5":{"name":"(anonymous_5)","decl":{"start":{"line":43,"column":4},"end":{"line":43,"column":5}},"loc":{"start":{"line":43,"column":18},"end":{"line":45,"column":5}},"line":43},"6":{"name":"(anonymous_6)","decl":{"start":{"line":47,"column":4},"end":{"line":47,"column":5}},"loc":{"start":{"line":47,"column":17},"end":{"line":49,"column":5}},"line":47},"7":{"name":"(anonymous_7)","decl":{"start":{"line":51,"column":4},"end":{"line":51,"column":5}},"loc":{"start":{"line":51,"column":21},"end":{"line":53,"column":5}},"line":51},"8":{"name":"(anonymous_8)","decl":{"start":{"line":55,"column":4},"end":{"line":55,"column":5}},"loc":{"start":{"line":55,"column":17},"end":{"line":76,"column":5}},"line":55},"9":{"name":"(anonymous_9)","decl":{"start":{"line":78,"column":4},"end":{"line":78,"column":5}},"loc":{"start":{"line":78,"column":14},"end":{"line":80,"column":6}},"line":78},"10":{"name":"(anonymous_10)","decl":{"start":{"line":82,"column":4},"end":{"line":82,"column":5}},"loc":{"start":{"line":82,"column":14},"end":{"line":88,"column":5}},"line":82}},"branchMap":{"0":{"loc":{"start":{"line":12,"column":8},"end":{"line":14,"column":9}},"type":"if","locations":[{"start":{"line":12,"column":8},"end":{"line":14,"column":9}},{"start":{"line":12,"column":8},"end":{"line":14,"column":9}}],"line":12},"1":{"loc":{"start":{"line":15,"column":8},"end":{"line":18,"column":9}},"type":"if","locations":[{"start":{"line":15,"column":8},"end":{"line":18,"column":9}},{"start":{"line":15,"column":8},"end":{"line":18,"column":9}}],"line":15},"2":{"loc":{"start":{"line":25,"column":8},"end":{"line":27,"column":9}},"type":"if","locations":[{"start":{"line":25,"column":8},"end":{"line":27,"column":9}},{"start":{"line":25,"column":8},"end":{"line":27,"column":9}}],"line":25},"3":{"loc":{"start":{"line":28,"column":8},"end":{"line":31,"column":9}},"type":"if","locations":[{"start":{"line":28,"column":8},"end":{"line":31,"column":9}},{"start":{"line":28,"column":8},"end":{"line":31,"column":9}}],"line":28},"4":{"loc":{"start":{"line":36,"column":8},"end":{"line":36,"column":46}},"type":"if","locations":[{"start":{"line":36,"column":8},"end":{"line":36,"column":46}},{"start":{"line":36,"column":8},"end":{"line":36,"column":46}}],"line":36},"5":{"loc":{"start":{"line":40,"column":8},"end":{"line":40,"column":45}},"type":"if","locations":[{"start":{"line":40,"column":8},"end":{"line":40,"column":45}},{"start":{"line":40,"column":8},"end":{"line":40,"column":45}}],"line":40},"6":{"loc":{"start":{"line":44,"column":8},"end":{"line":44,"column":58}},"type":"if","locations":[{"start":{"line":44,"column":8},"end":{"line":44,"column":58}},{"start":{"line":44,"column":8},"end":{"line":44,"column":58}}],"line":44},"7":{"loc":{"start":{"line":48,"column":8},"end":{"line":48,"column":58}},"type":"if","locations":[{"start":{"line":48,"column":8},"end":{"line":48,"column":58}},{"start":{"line":48,"column":8},"end":{"line":48,"column":58}}],"line":48},"8":{"loc":{"start":{"line":52,"column":15},"end":{"line":52,"column":47}},"type":"cond-expr","locations":[{"start":{"line":52,"column":35},"end":{"line":52,"column":39}},{"start":{"line":52,"column":42},"end":{"line":52,"column":47}}],"line":52},"9":{"loc":{"start":{"line":58,"column":12},"end":{"line":73,"column":13}},"type":"if","locations":[{"start":{"line":58,"column":12},"end":{"line":73,"column":13}},{"start":{"line":58,"column":12},"end":{"line":73,"column":13}}],"line":58},"10":{"loc":{"start":{"line":59,"column":16},"end":{"line":71,"column":17}},"type":"if","locations":[{"start":{"line":59,"column":16},"end":{"line":71,"column":17}},{"start":{"line":59,"column":16},"end":{"line":71,"column":17}}],"line":59},"11":{"loc":{"start":{"line":59,"column":20},"end":{"line":59,"column":64}},"type":"binary-expr","locations":[{"start":{"line":59,"column":20},"end":{"line":59,"column":40}},{"start":{"line":59,"column":44},"end":{"line":59,"column":64}}],"line":59},"12":{"loc":{"start":{"line":62,"column":23},"end":{"line":71,"column":17}},"type":"if","locations":[{"start":{"line":62,"column":23},"end":{"line":71,"column":17}},{"start":{"line":62,"column":23},"end":{"line":71,"column":17}}],"line":62},"13":{"loc":{"start":{"line":65,"column":23},"end":{"line":71,"column":17}},"type":"if","locations":[{"start":{"line":65,"column":23},"end":{"line":71,"column":17}},{"start":{"line":65,"column":23},"end":{"line":71,"column":17}}],"line":65}},"s":{"0":1,"1":9,"2":9,"3":10,"4":10,"5":5,"6":10,"7":5,"8":5,"9":10,"10":14,"11":14,"12":1,"13":14,"14":13,"15":13,"16":14,"17":2,"18":1,"19":2,"20":1,"21":5,"22":4,"23":5,"24":4,"25":4,"26":12,"27":12,"28":19,"29":11,"30":2,"31":2,"32":9,"33":5,"34":5,"35":4,"36":3,"37":3,"38":1,"39":1,"40":11,"41":8,"42":1,"43":7,"44":7,"45":14,"46":14,"47":1},"f":{"0":9,"1":10,"2":14,"3":2,"4":2,"5":5,"6":5,"7":4,"8":12,"9":1,"10":7},"b":{"0":[5,5],"1":[5,5],"2":[1,13],"3":[13,1],"4":[1,1],"5":[1,1],"6":[4,1],"7":[4,1],"8":[3,1],"9":[11,8],"10":[2,9],"11":[11,7],"12":[5,4],"13":[3,1]},"_coverageSchema":"43e27e138ebf9cfc5966b082cf9a028302ed4184","hash":"8094419164acfa9b7d64d8929024888ed227a64a"}
,"/Users/andreaedoardodesanto/Workspace/Personal/coolest-doubly-linked-list/src/lib/listNode.js": {"path":"/Users/andreaedoardodesanto/Workspace/Personal/coolest-doubly-linked-list/src/lib/listNode.js","statementMap":{"0":{"start":{"line":3,"column":2},"end":{"line":3,"column":19}},"1":{"start":{"line":4,"column":2},"end":{"line":4,"column":19}},"2":{"start":{"line":5,"column":2},"end":{"line":5,"column":19}},"3":{"start":{"line":9,"column":0},"end":{"line":9,"column":22}}},"fnMap":{"0":{"name":"(anonymous_0)","decl":{"start":{"line":2,"column":1},"end":{"line":2,"column":2}},"loc":{"start":{"line":2,"column":21},"end":{"line":6,"column":2}},"line":2}},"branchMap":{},"s":{"0":24,"1":24,"2":24,"3":1},"f":{"0":24},"b":{},"_coverageSchema":"43e27e138ebf9cfc5966b082cf9a028302ed4184","hash":"543c4c5424e3cbd71a5d877256282c7ca8d5cfd6"}
}
