{"/Users/andreaedoardodesanto/Workspace/Personal/coolest-doubly-linked-list/src/lib/doublyLinkedList.js": {"path":"/Users/andreaedoardodesanto/Workspace/Personal/coolest-doubly-linked-list/src/lib/doublyLinkedList.js","statementMap":{"0":{"start":{"line":1,"column":13},"end":{"line":1,"column":37}},"1":{"start":{"line":5,"column":8},"end":{"line":5,"column":25}},"2":{"start":{"line":6,"column":8},"end":{"line":6,"column":25}},"3":{"start":{"line":14,"column":19},"end":{"line":14,"column":33}},"4":{"start":{"line":16,"column":8},"end":{"line":18,"column":9}},"5":{"start":{"line":17,"column":12},"end":{"line":17,"column":29}},"6":{"start":{"line":19,"column":8},"end":{"line":22,"column":9}},"7":{"start":{"line":20,"column":12},"end":{"line":20,"column":34}},"8":{"start":{"line":21,"column":12},"end":{"line":21,"column":34}},"9":{"start":{"line":23,"column":8},"end":{"line":23,"column":25}},"10":{"start":{"line":31,"column":19},"end":{"line":31,"column":33}},"11":{"start":{"line":33,"column":8},"end":{"line":35,"column":9}},"12":{"start":{"line":34,"column":12},"end":{"line":34,"column":29}},"13":{"start":{"line":36,"column":8},"end":{"line":39,"column":9}},"14":{"start":{"line":37,"column":12},"end":{"line":37,"column":34}},"15":{"start":{"line":38,"column":12},"end":{"line":38,"column":34}},"16":{"start":{"line":40,"column":8},"end":{"line":40,"column":25}},"17":{"start":{"line":48,"column":8},"end":{"line":48,"column":45}},"18":{"start":{"line":48,"column":23},"end":{"line":48,"column":45}},"19":{"start":{"line":56,"column":8},"end":{"line":56,"column":45}},"20":{"start":{"line":56,"column":23},"end":{"line":56,"column":45}},"21":{"start":{"line":64,"column":8},"end":{"line":64,"column":62}},"22":{"start":{"line":64,"column":23},"end":{"line":64,"column":62}},"23":{"start":{"line":72,"column":8},"end":{"line":72,"column":62}},"24":{"start":{"line":72,"column":23},"end":{"line":72,"column":62}},"25":{"start":{"line":81,"column":8},"end":{"line":81,"column":52}},"26":{"start":{"line":90,"column":22},"end":{"line":90,"column":31}},"27":{"start":{"line":91,"column":8},"end":{"line":109,"column":9}},"28":{"start":{"line":92,"column":12},"end":{"line":107,"column":13}},"29":{"start":{"line":93,"column":16},"end":{"line":105,"column":17}},"30":{"start":{"line":94,"column":20},"end":{"line":94,"column":37}},"31":{"start":{"line":95,"column":20},"end":{"line":95,"column":37}},"32":{"start":{"line":96,"column":23},"end":{"line":105,"column":17}},"33":{"start":{"line":97,"column":20},"end":{"line":97,"column":46}},"34":{"start":{"line":98,"column":20},"end":{"line":98,"column":41}},"35":{"start":{"line":99,"column":23},"end":{"line":105,"column":17}},"36":{"start":{"line":100,"column":20},"end":{"line":100,"column":47}},"37":{"start":{"line":101,"column":20},"end":{"line":101,"column":42}},"38":{"start":{"line":103,"column":20},"end":{"line":103,"column":53}},"39":{"start":{"line":104,"column":20},"end":{"line":104,"column":53}},"40":{"start":{"line":106,"column":16},"end":{"line":106,"column":36}},"41":{"start":{"line":108,"column":12},"end":{"line":108,"column":34}},"42":{"start":{"line":113,"column":8},"end":{"line":113,"column":41}},"43":{"start":{"line":117,"column":22},"end":{"line":117,"column":31}},"44":{"start":{"line":118,"column":8},"end":{"line":121,"column":9}},"45":{"start":{"line":119,"column":12},"end":{"line":119,"column":31}},"46":{"start":{"line":120,"column":12},"end":{"line":120,"column":35}},"47":{"start":{"line":127,"column":0},"end":{"line":127,"column":33}}},"fnMap":{"0":{"name":"(anonymous_0)","decl":{"start":{"line":4,"column":4},"end":{"line":4,"column":5}},"loc":{"start":{"line":4,"column":18},"end":{"line":7,"column":5}},"line":4},"1":{"name":"(anonymous_1)","decl":{"start":{"line":13,"column":4},"end":{"line":13,"column":5}},"loc":{"start":{"line":13,"column":19},"end":{"line":24,"column":5}},"line":13},"2":{"name":"(anonymous_2)","decl":{"start":{"line":30,"column":4},"end":{"line":30,"column":5}},"loc":{"start":{"line":30,"column":18},"end":{"line":41,"column":5}},"line":30},"3":{"name":"(anonymous_3)","decl":{"start":{"line":47,"column":4},"end":{"line":47,"column":5}},"loc":{"start":{"line":47,"column":15},"end":{"line":49,"column":5}},"line":47},"4":{"name":"(anonymous_4)","decl":{"start":{"line":55,"column":4},"end":{"line":55,"column":5}},"loc":{"start":{"line":55,"column":14},"end":{"line":57,"column":5}},"line":55},"5":{"name":"(anonymous_5)","decl":{"start":{"line":63,"column":4},"end":{"line":63,"column":5}},"loc":{"start":{"line":63,"column":18},"end":{"line":65,"column":5}},"line":63},"6":{"name":"(anonymous_6)","decl":{"start":{"line":71,"column":4},"end":{"line":71,"column":5}},"loc":{"start":{"line":71,"column":17},"end":{"line":73,"column":5}},"line":71},"7":{"name":"(anonymous_7)","decl":{"start":{"line":80,"column":4},"end":{"line":80,"column":5}},"loc":{"start":{"line":80,"column":17},"end":{"line":82,"column":5}},"line":80},"8":{"name":"(anonymous_8)","decl":{"start":{"line":89,"column":4},"end":{"line":89,"column":5}},"loc":{"start":{"line":89,"column":21},"end":{"line":110,"column":5}},"line":89},"9":{"name":"(anonymous_9)","decl":{"start":{"line":112,"column":4},"end":{"line":112,"column":5}},"loc":{"start":{"line":112,"column":14},"end":{"line":114,"column":5}},"line":112},"10":{"name":"(anonymous_10)","decl":{"start":{"line":116,"column":4},"end":{"line":116,"column":5}},"loc":{"start":{"line":116,"column":14},"end":{"line":122,"column":5}},"line":116}},"branchMap":{"0":{"loc":{"start":{"line":16,"column":8},"end":{"line":18,"column":9}},"type":"if","locations":[{"start":{"line":16,"column":8},"end":{"line":18,"column":9}},{"start":{"line":16,"column":8},"end":{"line":18,"column":9}}],"line":16},"1":{"loc":{"start":{"line":19,"column":8},"end":{"line":22,"column":9}},"type":"if","locations":[{"start":{"line":19,"column":8},"end":{"line":22,"column":9}},{"start":{"line":19,"column":8},"end":{"line":22,"column":9}}],"line":19},"2":{"loc":{"start":{"line":33,"column":8},"end":{"line":35,"column":9}},"type":"if","locations":[{"start":{"line":33,"column":8},"end":{"line":35,"column":9}},{"start":{"line":33,"column":8},"end":{"line":35,"column":9}}],"line":33},"3":{"loc":{"start":{"line":36,"column":8},"end":{"line":39,"column":9}},"type":"if","locations":[{"start":{"line":36,"column":8},"end":{"line":39,"column":9}},{"start":{"line":36,"column":8},"end":{"line":39,"column":9}}],"line":36},"4":{"loc":{"start":{"line":48,"column":8},"end":{"line":48,"column":45}},"type":"if","locations":[{"start":{"line":48,"column":8},"end":{"line":48,"column":45}},{"start":{"line":48,"column":8},"end":{"line":48,"column":45}}],"line":48},"5":{"loc":{"start":{"line":56,"column":8},"end":{"line":56,"column":45}},"type":"if","locations":[{"start":{"line":56,"column":8},"end":{"line":56,"column":45}},{"start":{"line":56,"column":8},"end":{"line":56,"column":45}}],"line":56},"6":{"loc":{"start":{"line":64,"column":8},"end":{"line":64,"column":62}},"type":"if","locations":[{"start":{"line":64,"column":8},"end":{"line":64,"column":62}},{"start":{"line":64,"column":8},"end":{"line":64,"column":62}}],"line":64},"7":{"loc":{"start":{"line":72,"column":8},"end":{"line":72,"column":62}},"type":"if","locations":[{"start":{"line":72,"column":8},"end":{"line":72,"column":62}},{"start":{"line":72,"column":8},"end":{"line":72,"column":62}}],"line":72},"8":{"loc":{"start":{"line":81,"column":15},"end":{"line":81,"column":51}},"type":"cond-expr","locations":[{"start":{"line":81,"column":39},"end":{"line":81,"column":43}},{"start":{"line":81,"column":46},"end":{"line":81,"column":51}}],"line":81},"9":{"loc":{"start":{"line":92,"column":12},"end":{"line":107,"column":13}},"type":"if","locations":[{"start":{"line":92,"column":12},"end":{"line":107,"column":13}},{"start":{"line":92,"column":12},"end":{"line":107,"column":13}}],"line":92},"10":{"loc":{"start":{"line":93,"column":16},"end":{"line":105,"column":17}},"type":"if","locations":[{"start":{"line":93,"column":16},"end":{"line":105,"column":17}},{"start":{"line":93,"column":16},"end":{"line":105,"column":17}}],"line":93},"11":{"loc":{"start":{"line":93,"column":20},"end":{"line":93,"column":64}},"type":"binary-expr","locations":[{"start":{"line":93,"column":20},"end":{"line":93,"column":40}},{"start":{"line":93,"column":44},"end":{"line":93,"column":64}}],"line":93},"12":{"loc":{"start":{"line":96,"column":23},"end":{"line":105,"column":17}},"type":"if","locations":[{"start":{"line":96,"column":23},"end":{"line":105,"column":17}},{"start":{"line":96,"column":23},"end":{"line":105,"column":17}}],"line":96},"13":{"loc":{"start":{"line":99,"column":23},"end":{"line":105,"column":17}},"type":"if","locations":[{"start":{"line":99,"column":23},"end":{"line":105,"column":17}},{"start":{"line":99,"column":23},"end":{"line":105,"column":17}}],"line":99}},"s":{"0":1,"1":9,"2":9,"3":10,"4":10,"5":5,"6":10,"7":5,"8":5,"9":10,"10":14,"11":14,"12":1,"13":14,"14":13,"15":13,"16":14,"17":2,"18":1,"19":2,"20":1,"21":5,"22":4,"23":5,"24":4,"25":4,"26":12,"27":12,"28":19,"29":11,"30":2,"31":2,"32":9,"33":5,"34":5,"35":4,"36":3,"37":3,"38":1,"39":1,"40":11,"41":8,"42":1,"43":7,"44":7,"45":14,"46":14,"47":1},"f":{"0":9,"1":10,"2":14,"3":2,"4":2,"5":5,"6":5,"7":4,"8":12,"9":1,"10":7},"b":{"0":[5,5],"1":[5,5],"2":[1,13],"3":[13,1],"4":[1,1],"5":[1,1],"6":[4,1],"7":[4,1],"8":[3,1],"9":[11,8],"10":[2,9],"11":[11,7],"12":[5,4],"13":[3,1]},"_coverageSchema":"43e27e138ebf9cfc5966b082cf9a028302ed4184","hash":"567fa1eb7c56183d61e6afbae2a288bb295023f9"}
,"/Users/andreaedoardodesanto/Workspace/Personal/coolest-doubly-linked-list/src/lib/listNode.js": {"path":"/Users/andreaedoardodesanto/Workspace/Personal/coolest-doubly-linked-list/src/lib/listNode.js","statementMap":{"0":{"start":{"line":3,"column":2},"end":{"line":3,"column":19}},"1":{"start":{"line":4,"column":2},"end":{"line":4,"column":19}},"2":{"start":{"line":5,"column":2},"end":{"line":5,"column":19}},"3":{"start":{"line":9,"column":0},"end":{"line":9,"column":22}}},"fnMap":{"0":{"name":"(anonymous_0)","decl":{"start":{"line":2,"column":1},"end":{"line":2,"column":2}},"loc":{"start":{"line":2,"column":21},"end":{"line":6,"column":2}},"line":2}},"branchMap":{},"s":{"0":24,"1":24,"2":24,"3":1},"f":{"0":24},"b":{},"_coverageSchema":"43e27e138ebf9cfc5966b082cf9a028302ed4184","hash":"543c4c5424e3cbd71a5d877256282c7ca8d5cfd6"}
}
