TN:
SF:/Users/andreaedoardodesanto/Workspace/Personal/coolest-doubly-linked-list/src/lib/doublyLinkedList.js
FN:4,(anonymous_0)
FN:13,(anonymous_1)
FN:30,(anonymous_2)
FN:47,(anonymous_3)
FN:55,(anonymous_4)
FN:63,(anonymous_5)
FN:71,(anonymous_6)
FN:80,(anonymous_7)
FN:89,(anonymous_8)
FN:112,(anonymous_9)
FN:116,(anonymous_10)
FNF:11
FNH:11
FNDA:9,(anonymous_0)
FNDA:10,(anonymous_1)
FNDA:14,(anonymous_2)
FNDA:2,(anonymous_3)
FNDA:2,(anonymous_4)
FNDA:5,(anonymous_5)
FNDA:5,(anonymous_6)
FNDA:4,(anonymous_7)
FNDA:12,(anonymous_8)
FNDA:1,(anonymous_9)
FNDA:7,(anonymous_10)
DA:1,1
DA:5,9
DA:6,9
DA:14,10
DA:16,10
DA:17,5
DA:19,10
DA:20,5
DA:21,5
DA:23,10
DA:31,14
DA:33,14
DA:34,1
DA:36,14
DA:37,13
DA:38,13
DA:40,14
DA:48,2
DA:56,2
DA:64,5
DA:72,5
DA:81,4
DA:90,12
DA:91,12
DA:92,19
DA:93,11
DA:94,2
DA:95,2
DA:96,9
DA:97,5
DA:98,5
DA:99,4
DA:100,3
DA:101,3
DA:103,1
DA:104,1
DA:106,11
DA:108,8
DA:113,1
DA:117,7
DA:118,7
DA:119,14
DA:120,14
DA:127,1
LF:44
LH:44
BRDA:16,0,0,5
BRDA:16,0,1,5
BRDA:19,1,0,5
BRDA:19,1,1,5
BRDA:33,2,0,1
BRDA:33,2,1,13
BRDA:36,3,0,13
BRDA:36,3,1,1
BRDA:48,4,0,1
BRDA:48,4,1,1
BRDA:56,5,0,1
BRDA:56,5,1,1
BRDA:64,6,0,4
BRDA:64,6,1,1
BRDA:72,7,0,4
BRDA:72,7,1,1
BRDA:81,8,0,3
BRDA:81,8,1,1
BRDA:92,9,0,11
BRDA:92,9,1,8
BRDA:93,10,0,2
BRDA:93,10,1,9
BRDA:93,11,0,11
BRDA:93,11,1,7
BRDA:96,12,0,5
BRDA:96,12,1,4
BRDA:99,13,0,3
BRDA:99,13,1,1
BRF:28
BRH:28
end_of_record
TN:
SF:/Users/andreaedoardodesanto/Workspace/Personal/coolest-doubly-linked-list/src/lib/listNode.js
FN:2,(anonymous_0)
FNF:1
FNH:1
FNDA:24,(anonymous_0)
DA:3,24
DA:4,24
DA:5,24
DA:9,1
LF:4
LH:4
BRF:0
BRH:0
end_of_record
