TN:
SF:/Users/andreaedoardodesanto/Workspace/Personal/coolest-doubly-linked-list/src/lib/doublyLinkedList.js
FN:4,(anonymous_0)
FN:9,(anonymous_1)
FN:22,(anonymous_2)
FN:35,(anonymous_3)
FN:39,(anonymous_4)
FN:43,(anonymous_5)
FN:47,(anonymous_6)
FN:51,(anonymous_7)
FN:55,(anonymous_8)
FN:78,(anonymous_9)
FN:82,(anonymous_10)
FNF:11
FNH:11
FNDA:9,(anonymous_0)
FNDA:10,(anonymous_1)
FNDA:14,(anonymous_2)
FNDA:2,(anonymous_3)
FNDA:2,(anonymous_4)
FNDA:5,(anonymous_5)
FNDA:5,(anonymous_6)
FNDA:4,(anonymous_7)
FNDA:12,(anonymous_8)
FNDA:1,(anonymous_9)
FNDA:7,(anonymous_10)
DA:1,1
DA:5,9
DA:6,9
DA:10,10
DA:12,10
DA:13,5
DA:15,10
DA:16,5
DA:17,5
DA:19,10
DA:23,14
DA:25,14
DA:26,1
DA:28,14
DA:29,13
DA:30,13
DA:32,14
DA:36,2
DA:40,2
DA:44,5
DA:48,5
DA:52,4
DA:56,12
DA:57,12
DA:58,19
DA:59,11
DA:60,2
DA:61,2
DA:62,9
DA:63,5
DA:64,5
DA:65,4
DA:66,3
DA:67,3
DA:69,1
DA:70,1
DA:72,11
DA:74,8
DA:79,1
DA:83,7
DA:84,7
DA:85,14
DA:86,14
DA:93,1
LF:44
LH:44
BRDA:12,0,0,5
BRDA:12,0,1,5
BRDA:15,1,0,5
BRDA:15,1,1,5
BRDA:25,2,0,1
BRDA:25,2,1,13
BRDA:28,3,0,13
BRDA:28,3,1,1
BRDA:36,4,0,1
BRDA:36,4,1,1
BRDA:40,5,0,1
BRDA:40,5,1,1
BRDA:44,6,0,4
BRDA:44,6,1,1
BRDA:48,7,0,4
BRDA:48,7,1,1
BRDA:52,8,0,3
BRDA:52,8,1,1
BRDA:58,9,0,11
BRDA:58,9,1,8
BRDA:59,10,0,2
BRDA:59,10,1,9
BRDA:59,11,0,11
BRDA:59,11,1,7
BRDA:62,12,0,5
BRDA:62,12,1,4
BRDA:65,13,0,3
BRDA:65,13,1,1
BRF:28
BRH:28
end_of_record
TN:
SF:/Users/andreaedoardodesanto/Workspace/Personal/coolest-doubly-linked-list/src/lib/listNode.js
FN:2,(anonymous_0)
FNF:1
FNH:1
FNDA:24,(anonymous_0)
DA:3,24
DA:4,24
DA:5,24
DA:9,1
LF:4
LH:4
BRF:0
BRH:0
end_of_record
